#
# A fatal error has been detected by the Java Runtime Environment:
#
#  EXCEPTION_ACCESS_VIOLATION (0xc0000005) at pc=0x00007ff8eb0e6c84, pid=8968, tid=8440
#
# JRE version: OpenJDK Runtime Environment (19.0.1+10) (build 19.0.1+10-21)
# Java VM: OpenJDK 64-Bit Server VM (19.0.1+10-21, mixed mode, sharing, tiered, compressed oops, compressed class ptrs, g1 gc, windows-amd64)
# Problematic frame:
# C  [jdwp.dll+0x26c84]
#
# No core dump will be written. Minidumps are not enabled by default on client versions of Windows
#
# If you would like to submit a bug report, please visit:
#   https://bugreport.java.com/bugreport/crash.jsp
# The crash happened outside the Java Virtual Machine in native code.
# See problematic frame for where to report the bug.
#

---------------  S U M M A R Y ------------

Command Line: -agentlib:jdwp=transport=dt_socket,server=n,suspend=y,address=127.0.0.1:63816 -Dfile.encoding=windows-1252 -Duser.country=CA -Duser.language=en -Duser.variant -ea Main

Host: AMD Ryzen 9 5900HX with Radeon Graphics        , 16 cores, 15G,  Windows 11 , 64 bit Build 22621 (10.0.22621.1105)
Time: Sat Jan 21 21:27:53 2023 Eastern Standard Time elapsed time: 0.274531 seconds (0d 0h 0m 0s)

---------------  T H R E A D  ---------------

Current thread (0x0000021ef9b6dfc0):  JavaThread "main" [_thread_in_native, id=8440, stack(0x000000e504a00000,0x000000e504b00000)]

Stack: [0x000000e504a00000,0x000000e504b00000],  sp=0x000000e504afe748,  free space=1017k
Native frames: (J=compiled Java code, j=interpreted, Vv=VM code, C=native code)
C  [jdwp.dll+0x26c84]

Java frames: (J=compiled Java code, j=interpreted, Vv=VM code)
j  jdk.internal.reflect.MethodHandleAccessorFactory.newFieldAccessor(Ljava/lang/reflect/Field;Z)Ljdk/internal/reflect/FieldAccessorImpl;+170 java.base@19.0.1
j  jdk.internal.reflect.ReflectionFactory.newFieldAccessor(Ljava/lang/reflect/Field;Z)Ljdk/internal/reflect/FieldAccessor;+82 java.base@19.0.1
j  java.lang.reflect.Field.acquireFieldAccessor()Ljdk/internal/reflect/FieldAccessor;+35 java.base@19.0.1
j  java.lang.reflect.Field.getFieldAccessor()Ljdk/internal/reflect/FieldAccessor;+14 java.base@19.0.1
j  java.lang.reflect.Field.getInt(Ljava/lang/Object;)I+18 java.base@19.0.1
j  org.lwjgl.system.APIUtil.apiClassTokens(Ljava/util/function/BiPredicate;Ljava/util/Map;[Ljava/lang/Class;)Ljava/util/Map;+104
j  org.lwjgl.glfw.GLFWErrorCallback$1.<init>(Ljava/io/PrintStream;)V+25
j  org.lwjgl.glfw.GLFWErrorCallback.createPrint(Ljava/io/PrintStream;)Lorg/lwjgl/glfw/GLFWErrorCallback;+5
j  Kappa.Window.init()V+3
j  Kappa.Window.run()V+33
j  Main.main([Ljava/lang/String;)V+5
v  ~StubRoutines::call_stub 0x0000021e8f2e100e

siginfo: EXCEPTION_ACCESS_VIOLATION (0xc0000005), reading address 0xffffffffffffffff


Registers:
RAX=0x0000021ea3d79fc0, RBX=0x0000021ef9ab43f0, RCX=0x0000021ef9b6e2a0, RDX=0x0000021ef9ab43f0
RSP=0x000000e504afe748, RBP=0x0000000000000002, RSI=0x000000e504afe7f0, RDI=0x0000021ef9b6e2a0
R8 =0x0000000000010002, R9 =0x0000000000000000, R10=0x00007ff8d9f50000, R11=0x000000e504afe718
R12=0x0000000000000007, R13=0x0000021efbcfcb80, R14=0x00007ff8eb0f0300, R15=0x0000000000000000
RIP=0x00007ff8eb0e6c84, EFLAGS=0x0000000000010202


Register to memory mapping:

RIP=0x00007ff8eb0e6c84 jdwp.dll
RAX=0x0000021ea3d79fc0 points into unknown readable memory: 0x0000000000000000 | 00 00 00 00 00 00 00 00
RBX=0x0000021ef9ab43f0 points into unknown readable memory: 0x000000071980a4b0 | b0 a4 80 19 07 00 00 00
RCX=0x0000021ef9b6e2a0 points into unknown readable memory: 0x0000021ea3d79fc0 | c0 9f d7 a3 1e 02 00 00
RDX=0x0000021ef9ab43f0 points into unknown readable memory: 0x000000071980a4b0 | b0 a4 80 19 07 00 00 00
RSP=0x000000e504afe748 is pointing into the stack for thread: 0x0000021ef9b6dfc0
RBP=0x0000000000000002 is an unknown value
RSI=0x000000e504afe7f0 is pointing into the stack for thread: 0x0000021ef9b6dfc0
RDI=0x0000021ef9b6e2a0 points into unknown readable memory: 0x0000021ea3d79fc0 | c0 9f d7 a3 1e 02 00 00
R8 =0x0000000000010002 is an unknown value
R9 =0x0 is NULL
R10=0x00007ff8d9f50000 VCRUNTIME140.dll
R11=0x000000e504afe718 is pointing into the stack for thread: 0x0000021ef9b6dfc0
R12=0x0000000000000007 is an unknown value
R13=0x0000021efbcfcb80 points into unknown readable memory: 0x00007ff89d468ff0 | f0 8f 46 9d f8 7f 00 00
R14=0x00007ff8eb0f0300 jdwp.dll
R15=0x0 is NULL


Top of Stack: (sp=0x000000e504afe748)
0x000000e504afe748:   00007ff8eb0d5bd1 0000021ef9ab43f0
0x000000e504afe758:   000000e504afe7f0 0000000000000000
0x000000e504afe768:   0000000000000000 00007ff89d44ecd0
0x000000e504afe778:   00000000000020f8 0000021ef9ab43f0
0x000000e504afe788:   00007ff8eb0f0328 0000000000000000
0x000000e504afe798:   00007ff8eb0d272f 0000021ef9ab43f0
0x000000e504afe7a8:   0000000000000002 0000021ef9b6e2a0
0x000000e504afe7b8:   0000021ef9ab43f8 00000039a3c40000
0x000000e504afe7c8:   00007ff89cb9685f 0000000000000000
0x000000e504afe7d8:   00000008001de828 000000e504afe840
0x000000e504afe7e8:   00007ff89cb9a286 0000000000000007
0x000000e504afe7f8:   0000021ef9ab43f0 0000000000000000
0x000000e504afe808:   0000021ef9ab43f8 0000000000000000
0x000000e504afe818:   0000000000000000 0000000000000000
0x000000e504afe828:   0000000000000000 0000000000000000
0x000000e504afe838:   0000000000000000 0000000000000000 

Instructions: (pc=0x00007ff8eb0e6c84)
0x00007ff8eb0e6b84:   05 d7 05 01 00 48 8b 03 48 8b d7 4d 8b 40 30 48
0x00007ff8eb0e6b94:   8b cb 48 8b 5c 24 30 48 83 c4 20 5f 48 ff a0 00
0x00007ff8eb0e6ba4:   01 00 00 cc 48 89 5c 24 08 57 48 83 ec 20 48 8b
0x00007ff8eb0e6bb4:   f9 e8 f2 ea ff ff 4c 8b 05 9f 05 01 00 48 8b d8
0x00007ff8eb0e6bc4:   41 f6 80 18 02 00 00 02 74 33 41 b8 21 06 00 00
0x00007ff8eb0e6bd4:   48 8d 15 8d bf 00 00 48 8d 0d 22 58 00 00 e8 89
0x00007ff8eb0e6be4:   41 ff ff 48 8d 15 ea 95 00 00 48 8d 0d 23 58 00
0x00007ff8eb0e6bf4:   00 e8 1e 42 ff ff 4c 8b 05 5f 05 01 00 48 8b 03
0x00007ff8eb0e6c04:   48 8b d7 4d 8b 40 38 48 8b cb 48 8b 5c 24 30 48
0x00007ff8eb0e6c14:   83 c4 20 5f 48 ff a0 00 01 00 00 cc 48 89 5c 24
0x00007ff8eb0e6c24:   08 57 48 83 ec 20 48 8b f9 e8 7a ea ff ff 48 8b
0x00007ff8eb0e6c34:   15 27 05 01 00 48 8b d8 f6 82 18 02 00 00 02 74
0x00007ff8eb0e6c44:   2c 41 b8 13 06 00 00 48 8d 15 16 bf 00 00 48 8d
0x00007ff8eb0e6c54:   0d ab 57 00 00 e8 12 41 ff ff 48 8d 15 8b 68 00
0x00007ff8eb0e6c64:   00 48 8d 0d ac 57 00 00 e8 a7 41 ff ff 48 8b 03
0x00007ff8eb0e6c74:   48 8b d7 48 8b cb 48 8b 5c 24 30 48 83 c4 20 5f
0x00007ff8eb0e6c84:   48 ff a0 50 07 00 00 cc 48 89 5c 24 08 48 89 74
0x00007ff8eb0e6c94:   24 10 48 89 7c 24 18 41 56 48 83 ec 20 4c 63 f2
0x00007ff8eb0e6ca4:   49 8b d8 48 8b d1 41 8b f9 48 8b cb 4d 8d 46 ff
0x00007ff8eb0e6cb4:   ff 15 b6 55 00 00 85 c0 75 3c 41 0f be 44 1e ff
0x00007ff8eb0e6cc4:   3b c7 75 32 49 03 de eb 10 0f be c8 ff 15 8a 55
0x00007ff8eb0e6cd4:   00 00 85 c0 74 09 48 ff c3 8a 03 84 c0 75 ea 80
0x00007ff8eb0e6ce4:   3b 3b 74 12 8b d7 48 8b cb e8 a0 4a 00 00 48 85
0x00007ff8eb0e6cf4:   c0 0f 94 c0 eb 02 32 c0 48 8b 5c 24 30 48 8b 74
0x00007ff8eb0e6d04:   24 38 48 8b 7c 24 40 48 83 c4 20 41 5e c3 cc cc
0x00007ff8eb0e6d14:   0f b6 d1 83 fa 1e 0f 87 83 00 00 00 74 7b 83 fa
0x00007ff8eb0e6d24:   07 77 41 74 39 83 ea 01 74 2e 83 ea 01 74 23 83
0x00007ff8eb0e6d34:   ea 01 74 18 83 ea 01 74 0d 83 fa 02 0f 85 8a 00
0x00007ff8eb0e6d44:   00 00 8d 42 03 c3 b8 04 00 00 00 c3 b8 03 00 00
0x00007ff8eb0e6d54:   00 c3 b8 02 00 00 00 c3 b8 01 00 00 00 c3 b8 06
0x00007ff8eb0e6d64:   00 00 00 c3 b8 08 00 00 00 2b d0 74 26 83 ea 01
0x00007ff8eb0e6d74:   0f 84 88 00 00 00 83 ea 01 74 12 b8 0a 00 00 00 


Stack slot to memory mapping:
stack at sp + 0 slots: 0x00007ff8eb0d5bd1 jdwp.dll
stack at sp + 1 slots: 0x0000021ef9ab43f0 points into unknown readable memory: 0x000000071980a4b0 | b0 a4 80 19 07 00 00 00
stack at sp + 2 slots: 0x000000e504afe7f0 is pointing into the stack for thread: 0x0000021ef9b6dfc0
stack at sp + 3 slots: 0x0 is NULL
stack at sp + 4 slots: 0x0 is NULL
stack at sp + 5 slots: 0x00007ff89d44ecd0 jvm.dll
stack at sp + 6 slots: 0x00000000000020f8 is an unknown value
stack at sp + 7 slots: 0x0000021ef9ab43f0 points into unknown readable memory: 0x000000071980a4b0 | b0 a4 80 19 07 00 00 00


---------------  P R O C E S S  ---------------

Threads class SMR info:
_java_thread_list=0x0000021ea3a90ac0, length=16, elements={
0x0000021ef9b6dfc0, 0x0000021e9f6ebd40, 0x0000021e9f6ec670, 0x0000021e9f6f3290,
0x0000021e9f6f3bc0, 0x0000021e9f6f6500, 0x0000021e9f6f6e30, 0x0000021e9f6fbfa0,
0x0000021ea3920090, 0x0000021e9f712940, 0x0000021ea3a16410, 0x0000021ea3a66170,
0x0000021ea3a523c0, 0x0000021ea3a52910, 0x0000021ea3a52e60, 0x0000021ea3a76c00
}

Java Threads: ( => current thread )
=>0x0000021ef9b6dfc0 JavaThread "main" [_thread_in_native, id=8440, stack(0x000000e504a00000,0x000000e504b00000)]
  0x0000021e9f6ebd40 JavaThread "Reference Handler" daemon [_thread_blocked, id=18760, stack(0x000000e505100000,0x000000e505200000)]
  0x0000021e9f6ec670 JavaThread "Finalizer" daemon [_thread_blocked, id=13996, stack(0x000000e505200000,0x000000e505300000)]
  0x0000021e9f6f3290 JavaThread "Signal Dispatcher" daemon [_thread_blocked, id=16244, stack(0x000000e505300000,0x000000e505400000)]
  0x0000021e9f6f3bc0 JavaThread "Attach Listener" daemon [_thread_blocked, id=18576, stack(0x000000e505400000,0x000000e505500000)]
  0x0000021e9f6f6500 JavaThread "Service Thread" daemon [_thread_blocked, id=3232, stack(0x000000e505500000,0x000000e505600000)]
  0x0000021e9f6f6e30 JavaThread "Monitor Deflation Thread" daemon [_thread_blocked, id=7120, stack(0x000000e505600000,0x000000e505700000)]
  0x0000021e9f6fbfa0 JavaThread "C2 CompilerThread0" daemon [_thread_blocked, id=7724, stack(0x000000e505700000,0x000000e505800000)]
  0x0000021ea3920090 JavaThread "C1 CompilerThread0" daemon [_thread_blocked, id=10844, stack(0x000000e505800000,0x000000e505900000)]
  0x0000021e9f712940 JavaThread "Sweeper thread" daemon [_thread_blocked, id=16568, stack(0x000000e505900000,0x000000e505a00000)]
  0x0000021ea3a16410 JavaThread "C1 CompilerThread1" daemon [_thread_blocked, id=6176, stack(0x000000e505a00000,0x000000e505b00000)]
  0x0000021ea3a66170 JavaThread "JDWP Transport Listener: dt_socket" daemon [_thread_blocked, id=16960, stack(0x000000e505b00000,0x000000e505c00000)]
  0x0000021ea3a523c0 JavaThread "JDWP Event Helper Thread" daemon [_thread_blocked, id=3288, stack(0x000000e505c00000,0x000000e505d00000)]
  0x0000021ea3a52910 JavaThread "JDWP Command Reader" daemon [_thread_in_native, id=14280, stack(0x000000e505d00000,0x000000e505e00000)]
  0x0000021ea3a52e60 JavaThread "Notification Thread" daemon [_thread_blocked, id=18408, stack(0x000000e505e00000,0x000000e505f00000)]
  0x0000021ea3a76c00 JavaThread "Common-Cleaner" daemon [_thread_blocked, id=18372, stack(0x000000e506000000,0x000000e506100000)]

Other Threads:
  0x0000021e9f6d2b30 VMThread "VM Thread" [stack: 0x000000e505000000,0x000000e505100000] [id=5020]
  0x0000021ea3a533a0 WatcherThread "VM Periodic Task Thread" [stack: 0x000000e505f00000,0x000000e506000000] [id=16228]
  0x0000021efbd7bc70 WorkerThread "GC Thread#0" [stack: 0x000000e504b00000,0x000000e504c00000] [id=19092]
  0x0000021efbd8e3a0 ConcurrentGCThread "G1 Main Marker" [stack: 0x000000e504c00000,0x000000e504d00000] [id=15476]
  0x0000021efbd90480 WorkerThread "G1 Conc#0" [stack: 0x000000e504d00000,0x000000e504e00000] [id=18768]
  0x0000021e9f58a0c0 ConcurrentGCThread "G1 Refine#0" [stack: 0x000000e504e00000,0x000000e504f00000] [id=17852]
  0x0000021e9f58b9b0 ConcurrentGCThread "G1 Service" [stack: 0x000000e504f00000,0x000000e505000000] [id=18792]

Threads with active compile tasks:

VM state: not at safepoint (normal execution)

VM Mutex/Monitor currently owned by a thread: None

Heap address: 0x000000070a400000, size: 3932 MB, Compressed Oops mode: Zero based, Oop shift amount: 3

CDS archive(s) mapped at: [0x0000000800000000-0x0000000800c30000-0x0000000800c30000), size 12779520, SharedBaseAddress: 0x0000000800000000, ArchiveRelocationMode: 0.
Compressed class space mapped at: 0x0000000801000000-0x0000000841000000, reserved size: 1073741824
Narrow klass base: 0x0000000800000000, Narrow klass shift: 0, Narrow klass range: 0x100000000

GC Precious Log:
 CardTable entry size: 512
 Card Set container configuration: InlinePtr #cards 4 size 8 Array Of Cards #cards 16 size 48 Howl #buckets 8 coarsen threshold 3686 Howl Bitmap #cards 512 size 80 coarsen threshold 460 Card regions per heap region 1 cards per card region 4096
 CPUs: 16 total, 16 available
 Memory: 15724M
 Large Page Support: Disabled
 NUMA Support: Disabled
 Compressed Oops: Enabled (Zero based)
 Heap Region Size: 2M
 Heap Min Capacity: 8M
 Heap Initial Capacity: 246M
 Heap Max Capacity: 3932M
 Pre-touch: Disabled
 Parallel Workers: 13
 Concurrent Workers: 3
 Concurrent Refinement Workers: 13
 Periodic GC: Disabled

Heap:
 garbage-first heap   total 251904K, used 4096K [0x000000070a400000, 0x0000000800000000)
  region size 2048K, 3 young (6144K), 0 survivors (0K)
 Metaspace       used 1870K, committed 2048K, reserved 1114112K
  class space    used 144K, committed 256K, reserved 1048576K

Heap Regions: E=young(eden), S=young(survivor), O=old, HS=humongous(starts), HC=humongous(continues), CS=collection set, F=free, OA=open archive, CA=closed archive, TAMS=top-at-mark-start (previous, next)
|   0|0x000000070a400000, 0x000000070a400000, 0x000000070a600000|  0%| F|  |TAMS 0x000000070a400000, 0x000000070a400000| Untracked 
|   1|0x000000070a600000, 0x000000070a600000, 0x000000070a800000|  0%| F|  |TAMS 0x000000070a600000, 0x000000070a600000| Untracked 
|   2|0x000000070a800000, 0x000000070a800000, 0x000000070aa00000|  0%| F|  |TAMS 0x000000070a800000, 0x000000070a800000| Untracked 
|   3|0x000000070aa00000, 0x000000070aa00000, 0x000000070ac00000|  0%| F|  |TAMS 0x000000070aa00000, 0x000000070aa00000| Untracked 
|   4|0x000000070ac00000, 0x000000070ac00000, 0x000000070ae00000|  0%| F|  |TAMS 0x000000070ac00000, 0x000000070ac00000| Untracked 
|   5|0x000000070ae00000, 0x000000070ae00000, 0x000000070b000000|  0%| F|  |TAMS 0x000000070ae00000, 0x000000070ae00000| Untracked 
|   6|0x000000070b000000, 0x000000070b000000, 0x000000070b200000|  0%| F|  |TAMS 0x000000070b000000, 0x000000070b000000| Untracked 
|   7|0x000000070b200000, 0x000000070b200000, 0x000000070b400000|  0%| F|  |TAMS 0x000000070b200000, 0x000000070b200000| Untracked 
|   8|0x000000070b400000, 0x000000070b400000, 0x000000070b600000|  0%| F|  |TAMS 0x000000070b400000, 0x000000070b400000| Untracked 
|   9|0x000000070b600000, 0x000000070b600000, 0x000000070b800000|  0%| F|  |TAMS 0x000000070b600000, 0x000000070b600000| Untracked 
|  10|0x000000070b800000, 0x000000070b800000, 0x000000070ba00000|  0%| F|  |TAMS 0x000000070b800000, 0x000000070b800000| Untracked 
|  11|0x000000070ba00000, 0x000000070ba00000, 0x000000070bc00000|  0%| F|  |TAMS 0x000000070ba00000, 0x000000070ba00000| Untracked 
|  12|0x000000070bc00000, 0x000000070bc00000, 0x000000070be00000|  0%| F|  |TAMS 0x000000070bc00000, 0x000000070bc00000| Untracked 
|  13|0x000000070be00000, 0x000000070be00000, 0x000000070c000000|  0%| F|  |TAMS 0x000000070be00000, 0x000000070be00000| Untracked 
|  14|0x000000070c000000, 0x000000070c000000, 0x000000070c200000|  0%| F|  |TAMS 0x000000070c000000, 0x000000070c000000| Untracked 
|  15|0x000000070c200000, 0x000000070c200000, 0x000000070c400000|  0%| F|  |TAMS 0x000000070c200000, 0x000000070c200000| Untracked 
|  16|0x000000070c400000, 0x000000070c400000, 0x000000070c600000|  0%| F|  |TAMS 0x000000070c400000, 0x000000070c400000| Untracked 
|  17|0x000000070c600000, 0x000000070c600000, 0x000000070c800000|  0%| F|  |TAMS 0x000000070c600000, 0x000000070c600000| Untracked 
|  18|0x000000070c800000, 0x000000070c800000, 0x000000070ca00000|  0%| F|  |TAMS 0x000000070c800000, 0x000000070c800000| Untracked 
|  19|0x000000070ca00000, 0x000000070ca00000, 0x000000070cc00000|  0%| F|  |TAMS 0x000000070ca00000, 0x000000070ca00000| Untracked 
|  20|0x000000070cc00000, 0x000000070cc00000, 0x000000070ce00000|  0%| F|  |TAMS 0x000000070cc00000, 0x000000070cc00000| Untracked 
|  21|0x000000070ce00000, 0x000000070ce00000, 0x000000070d000000|  0%| F|  |TAMS 0x000000070ce00000, 0x000000070ce00000| Untracked 
|  22|0x000000070d000000, 0x000000070d000000, 0x000000070d200000|  0%| F|  |TAMS 0x000000070d000000, 0x000000070d000000| Untracked 
|  23|0x000000070d200000, 0x000000070d200000, 0x000000070d400000|  0%| F|  |TAMS 0x000000070d200000, 0x000000070d200000| Untracked 
|  24|0x000000070d400000, 0x000000070d400000, 0x000000070d600000|  0%| F|  |TAMS 0x000000070d400000, 0x000000070d400000| Untracked 
|  25|0x000000070d600000, 0x000000070d600000, 0x000000070d800000|  0%| F|  |TAMS 0x000000070d600000, 0x000000070d600000| Untracked 
|  26|0x000000070d800000, 0x000000070d800000, 0x000000070da00000|  0%| F|  |TAMS 0x000000070d800000, 0x000000070d800000| Untracked 
|  27|0x000000070da00000, 0x000000070da00000, 0x000000070dc00000|  0%| F|  |TAMS 0x000000070da00000, 0x000000070da00000| Untracked 
|  28|0x000000070dc00000, 0x000000070dc00000, 0x000000070de00000|  0%| F|  |TAMS 0x000000070dc00000, 0x000000070dc00000| Untracked 
|  29|0x000000070de00000, 0x000000070de00000, 0x000000070e000000|  0%| F|  |TAMS 0x000000070de00000, 0x000000070de00000| Untracked 
|  30|0x000000070e000000, 0x000000070e000000, 0x000000070e200000|  0%| F|  |TAMS 0x000000070e000000, 0x000000070e000000| Untracked 
|  31|0x000000070e200000, 0x000000070e200000, 0x000000070e400000|  0%| F|  |TAMS 0x000000070e200000, 0x000000070e200000| Untracked 
|  32|0x000000070e400000, 0x000000070e400000, 0x000000070e600000|  0%| F|  |TAMS 0x000000070e400000, 0x000000070e400000| Untracked 
|  33|0x000000070e600000, 0x000000070e600000, 0x000000070e800000|  0%| F|  |TAMS 0x000000070e600000, 0x000000070e600000| Untracked 
|  34|0x000000070e800000, 0x000000070e800000, 0x000000070ea00000|  0%| F|  |TAMS 0x000000070e800000, 0x000000070e800000| Untracked 
|  35|0x000000070ea00000, 0x000000070ea00000, 0x000000070ec00000|  0%| F|  |TAMS 0x000000070ea00000, 0x000000070ea00000| Untracked 
|  36|0x000000070ec00000, 0x000000070ec00000, 0x000000070ee00000|  0%| F|  |TAMS 0x000000070ec00000, 0x000000070ec00000| Untracked 
|  37|0x000000070ee00000, 0x000000070ee00000, 0x000000070f000000|  0%| F|  |TAMS 0x000000070ee00000, 0x000000070ee00000| Untracked 
|  38|0x000000070f000000, 0x000000070f000000, 0x000000070f200000|  0%| F|  |TAMS 0x000000070f000000, 0x000000070f000000| Untracked 
|  39|0x000000070f200000, 0x000000070f200000, 0x000000070f400000|  0%| F|  |TAMS 0x000000070f200000, 0x000000070f200000| Untracked 
|  40|0x000000070f400000, 0x000000070f400000, 0x000000070f600000|  0%| F|  |TAMS 0x000000070f400000, 0x000000070f400000| Untracked 
|  41|0x000000070f600000, 0x000000070f600000, 0x000000070f800000|  0%| F|  |TAMS 0x000000070f600000, 0x000000070f600000| Untracked 
|  42|0x000000070f800000, 0x000000070f800000, 0x000000070fa00000|  0%| F|  |TAMS 0x000000070f800000, 0x000000070f800000| Untracked 
|  43|0x000000070fa00000, 0x000000070fa00000, 0x000000070fc00000|  0%| F|  |TAMS 0x000000070fa00000, 0x000000070fa00000| Untracked 
|  44|0x000000070fc00000, 0x000000070fc00000, 0x000000070fe00000|  0%| F|  |TAMS 0x000000070fc00000, 0x000000070fc00000| Untracked 
|  45|0x000000070fe00000, 0x000000070fe00000, 0x0000000710000000|  0%| F|  |TAMS 0x000000070fe00000, 0x000000070fe00000| Untracked 
|  46|0x0000000710000000, 0x0000000710000000, 0x0000000710200000|  0%| F|  |TAMS 0x0000000710000000, 0x0000000710000000| Untracked 
|  47|0x0000000710200000, 0x0000000710200000, 0x0000000710400000|  0%| F|  |TAMS 0x0000000710200000, 0x0000000710200000| Untracked 
|  48|0x0000000710400000, 0x0000000710400000, 0x0000000710600000|  0%| F|  |TAMS 0x0000000710400000, 0x0000000710400000| Untracked 
|  49|0x0000000710600000, 0x0000000710600000, 0x0000000710800000|  0%| F|  |TAMS 0x0000000710600000, 0x0000000710600000| Untracked 
|  50|0x0000000710800000, 0x0000000710800000, 0x0000000710a00000|  0%| F|  |TAMS 0x0000000710800000, 0x0000000710800000| Untracked 
|  51|0x0000000710a00000, 0x0000000710a00000, 0x0000000710c00000|  0%| F|  |TAMS 0x0000000710a00000, 0x0000000710a00000| Untracked 
|  52|0x0000000710c00000, 0x0000000710c00000, 0x0000000710e00000|  0%| F|  |TAMS 0x0000000710c00000, 0x0000000710c00000| Untracked 
|  53|0x0000000710e00000, 0x0000000710e00000, 0x0000000711000000|  0%| F|  |TAMS 0x0000000710e00000, 0x0000000710e00000| Untracked 
|  54|0x0000000711000000, 0x0000000711000000, 0x0000000711200000|  0%| F|  |TAMS 0x0000000711000000, 0x0000000711000000| Untracked 
|  55|0x0000000711200000, 0x0000000711200000, 0x0000000711400000|  0%| F|  |TAMS 0x0000000711200000, 0x0000000711200000| Untracked 
|  56|0x0000000711400000, 0x0000000711400000, 0x0000000711600000|  0%| F|  |TAMS 0x0000000711400000, 0x0000000711400000| Untracked 
|  57|0x0000000711600000, 0x0000000711600000, 0x0000000711800000|  0%| F|  |TAMS 0x0000000711600000, 0x0000000711600000| Untracked 
|  58|0x0000000711800000, 0x0000000711800000, 0x0000000711a00000|  0%| F|  |TAMS 0x0000000711800000, 0x0000000711800000| Untracked 
|  59|0x0000000711a00000, 0x0000000711a00000, 0x0000000711c00000|  0%| F|  |TAMS 0x0000000711a00000, 0x0000000711a00000| Untracked 
|  60|0x0000000711c00000, 0x0000000711c00000, 0x0000000711e00000|  0%| F|  |TAMS 0x0000000711c00000, 0x0000000711c00000| Untracked 
|  61|0x0000000711e00000, 0x0000000711e00000, 0x0000000712000000|  0%| F|  |TAMS 0x0000000711e00000, 0x0000000711e00000| Untracked 
|  62|0x0000000712000000, 0x0000000712000000, 0x0000000712200000|  0%| F|  |TAMS 0x0000000712000000, 0x0000000712000000| Untracked 
|  63|0x0000000712200000, 0x0000000712200000, 0x0000000712400000|  0%| F|  |TAMS 0x0000000712200000, 0x0000000712200000| Untracked 
|  64|0x0000000712400000, 0x0000000712400000, 0x0000000712600000|  0%| F|  |TAMS 0x0000000712400000, 0x0000000712400000| Untracked 
|  65|0x0000000712600000, 0x0000000712600000, 0x0000000712800000|  0%| F|  |TAMS 0x0000000712600000, 0x0000000712600000| Untracked 
|  66|0x0000000712800000, 0x0000000712800000, 0x0000000712a00000|  0%| F|  |TAMS 0x0000000712800000, 0x0000000712800000| Untracked 
|  67|0x0000000712a00000, 0x0000000712a00000, 0x0000000712c00000|  0%| F|  |TAMS 0x0000000712a00000, 0x0000000712a00000| Untracked 
|  68|0x0000000712c00000, 0x0000000712c00000, 0x0000000712e00000|  0%| F|  |TAMS 0x0000000712c00000, 0x0000000712c00000| Untracked 
|  69|0x0000000712e00000, 0x0000000712e00000, 0x0000000713000000|  0%| F|  |TAMS 0x0000000712e00000, 0x0000000712e00000| Untracked 
|  70|0x0000000713000000, 0x0000000713000000, 0x0000000713200000|  0%| F|  |TAMS 0x0000000713000000, 0x0000000713000000| Untracked 
|  71|0x0000000713200000, 0x0000000713200000, 0x0000000713400000|  0%| F|  |TAMS 0x0000000713200000, 0x0000000713200000| Untracked 
|  72|0x0000000713400000, 0x0000000713400000, 0x0000000713600000|  0%| F|  |TAMS 0x0000000713400000, 0x0000000713400000| Untracked 
|  73|0x0000000713600000, 0x0000000713600000, 0x0000000713800000|  0%| F|  |TAMS 0x0000000713600000, 0x0000000713600000| Untracked 
|  74|0x0000000713800000, 0x0000000713800000, 0x0000000713a00000|  0%| F|  |TAMS 0x0000000713800000, 0x0000000713800000| Untracked 
|  75|0x0000000713a00000, 0x0000000713a00000, 0x0000000713c00000|  0%| F|  |TAMS 0x0000000713a00000, 0x0000000713a00000| Untracked 
|  76|0x0000000713c00000, 0x0000000713c00000, 0x0000000713e00000|  0%| F|  |TAMS 0x0000000713c00000, 0x0000000713c00000| Untracked 
|  77|0x0000000713e00000, 0x0000000713e00000, 0x0000000714000000|  0%| F|  |TAMS 0x0000000713e00000, 0x0000000713e00000| Untracked 
|  78|0x0000000714000000, 0x0000000714000000, 0x0000000714200000|  0%| F|  |TAMS 0x0000000714000000, 0x0000000714000000| Untracked 
|  79|0x0000000714200000, 0x0000000714200000, 0x0000000714400000|  0%| F|  |TAMS 0x0000000714200000, 0x0000000714200000| Untracked 
|  80|0x0000000714400000, 0x0000000714400000, 0x0000000714600000|  0%| F|  |TAMS 0x0000000714400000, 0x0000000714400000| Untracked 
|  81|0x0000000714600000, 0x0000000714600000, 0x0000000714800000|  0%| F|  |TAMS 0x0000000714600000, 0x0000000714600000| Untracked 
|  82|0x0000000714800000, 0x0000000714800000, 0x0000000714a00000|  0%| F|  |TAMS 0x0000000714800000, 0x0000000714800000| Untracked 
|  83|0x0000000714a00000, 0x0000000714a00000, 0x0000000714c00000|  0%| F|  |TAMS 0x0000000714a00000, 0x0000000714a00000| Untracked 
|  84|0x0000000714c00000, 0x0000000714c00000, 0x0000000714e00000|  0%| F|  |TAMS 0x0000000714c00000, 0x0000000714c00000| Untracked 
|  85|0x0000000714e00000, 0x0000000714e00000, 0x0000000715000000|  0%| F|  |TAMS 0x0000000714e00000, 0x0000000714e00000| Untracked 
|  86|0x0000000715000000, 0x0000000715000000, 0x0000000715200000|  0%| F|  |TAMS 0x0000000715000000, 0x0000000715000000| Untracked 
|  87|0x0000000715200000, 0x0000000715200000, 0x0000000715400000|  0%| F|  |TAMS 0x0000000715200000, 0x0000000715200000| Untracked 
|  88|0x0000000715400000, 0x0000000715400000, 0x0000000715600000|  0%| F|  |TAMS 0x0000000715400000, 0x0000000715400000| Untracked 
|  89|0x0000000715600000, 0x0000000715600000, 0x0000000715800000|  0%| F|  |TAMS 0x0000000715600000, 0x0000000715600000| Untracked 
|  90|0x0000000715800000, 0x0000000715800000, 0x0000000715a00000|  0%| F|  |TAMS 0x0000000715800000, 0x0000000715800000| Untracked 
|  91|0x0000000715a00000, 0x0000000715a00000, 0x0000000715c00000|  0%| F|  |TAMS 0x0000000715a00000, 0x0000000715a00000| Untracked 
|  92|0x0000000715c00000, 0x0000000715c00000, 0x0000000715e00000|  0%| F|  |TAMS 0x0000000715c00000, 0x0000000715c00000| Untracked 
|  93|0x0000000715e00000, 0x0000000715e00000, 0x0000000716000000|  0%| F|  |TAMS 0x0000000715e00000, 0x0000000715e00000| Untracked 
|  94|0x0000000716000000, 0x0000000716000000, 0x0000000716200000|  0%| F|  |TAMS 0x0000000716000000, 0x0000000716000000| Untracked 
|  95|0x0000000716200000, 0x0000000716200000, 0x0000000716400000|  0%| F|  |TAMS 0x0000000716200000, 0x0000000716200000| Untracked 
|  96|0x0000000716400000, 0x0000000716400000, 0x0000000716600000|  0%| F|  |TAMS 0x0000000716400000, 0x0000000716400000| Untracked 
|  97|0x0000000716600000, 0x0000000716600000, 0x0000000716800000|  0%| F|  |TAMS 0x0000000716600000, 0x0000000716600000| Untracked 
|  98|0x0000000716800000, 0x0000000716800000, 0x0000000716a00000|  0%| F|  |TAMS 0x0000000716800000, 0x0000000716800000| Untracked 
|  99|0x0000000716a00000, 0x0000000716a00000, 0x0000000716c00000|  0%| F|  |TAMS 0x0000000716a00000, 0x0000000716a00000| Untracked 
| 100|0x0000000716c00000, 0x0000000716c00000, 0x0000000716e00000|  0%| F|  |TAMS 0x0000000716c00000, 0x0000000716c00000| Untracked 
| 101|0x0000000716e00000, 0x0000000716e00000, 0x0000000717000000|  0%| F|  |TAMS 0x0000000716e00000, 0x0000000716e00000| Untracked 
| 102|0x0000000717000000, 0x0000000717000000, 0x0000000717200000|  0%| F|  |TAMS 0x0000000717000000, 0x0000000717000000| Untracked 
| 103|0x0000000717200000, 0x0000000717200000, 0x0000000717400000|  0%| F|  |TAMS 0x0000000717200000, 0x0000000717200000| Untracked 
| 104|0x0000000717400000, 0x0000000717400000, 0x0000000717600000|  0%| F|  |TAMS 0x0000000717400000, 0x0000000717400000| Untracked 
| 105|0x0000000717600000, 0x0000000717600000, 0x0000000717800000|  0%| F|  |TAMS 0x0000000717600000, 0x0000000717600000| Untracked 
| 106|0x0000000717800000, 0x0000000717800000, 0x0000000717a00000|  0%| F|  |TAMS 0x0000000717800000, 0x0000000717800000| Untracked 
| 107|0x0000000717a00000, 0x0000000717a00000, 0x0000000717c00000|  0%| F|  |TAMS 0x0000000717a00000, 0x0000000717a00000| Untracked 
| 108|0x0000000717c00000, 0x0000000717c00000, 0x0000000717e00000|  0%| F|  |TAMS 0x0000000717c00000, 0x0000000717c00000| Untracked 
| 109|0x0000000717e00000, 0x0000000717e00000, 0x0000000718000000|  0%| F|  |TAMS 0x0000000717e00000, 0x0000000717e00000| Untracked 
| 110|0x0000000718000000, 0x0000000718000000, 0x0000000718200000|  0%| F|  |TAMS 0x0000000718000000, 0x0000000718000000| Untracked 
| 111|0x0000000718200000, 0x0000000718200000, 0x0000000718400000|  0%| F|  |TAMS 0x0000000718200000, 0x0000000718200000| Untracked 
| 112|0x0000000718400000, 0x0000000718400000, 0x0000000718600000|  0%| F|  |TAMS 0x0000000718400000, 0x0000000718400000| Untracked 
| 113|0x0000000718600000, 0x0000000718600000, 0x0000000718800000|  0%| F|  |TAMS 0x0000000718600000, 0x0000000718600000| Untracked 
| 114|0x0000000718800000, 0x0000000718800000, 0x0000000718a00000|  0%| F|  |TAMS 0x0000000718800000, 0x0000000718800000| Untracked 
| 115|0x0000000718a00000, 0x0000000718a00000, 0x0000000718c00000|  0%| F|  |TAMS 0x0000000718a00000, 0x0000000718a00000| Untracked 
| 116|0x0000000718c00000, 0x0000000718c00000, 0x0000000718e00000|  0%| F|  |TAMS 0x0000000718c00000, 0x0000000718c00000| Untracked 
| 117|0x0000000718e00000, 0x0000000718e00000, 0x0000000719000000|  0%| F|  |TAMS 0x0000000718e00000, 0x0000000718e00000| Untracked 
| 118|0x0000000719000000, 0x0000000719000000, 0x0000000719200000|  0%| F|  |TAMS 0x0000000719000000, 0x0000000719000000| Untracked 
| 119|0x0000000719200000, 0x0000000719200000, 0x0000000719400000|  0%| F|  |TAMS 0x0000000719200000, 0x0000000719200000| Untracked 
| 120|0x0000000719400000, 0x00000007195d1a88, 0x0000000719600000| 90%| E|  |TAMS 0x0000000719400000, 0x0000000719400000| Complete 
| 121|0x0000000719600000, 0x0000000719800000, 0x0000000719800000|100%| E|CS|TAMS 0x0000000719600000, 0x0000000719600000| Complete 
| 122|0x0000000719800000, 0x0000000719a00000, 0x0000000719a00000|100%| E|CS|TAMS 0x0000000719800000, 0x0000000719800000| Complete 

Card table byte_map: [0x0000021efce00000,0x0000021efd5b0000] _byte_map_base: 0x0000021ef95ae000

Marking Bits (Prev, Next): (CMBitMap*) 0x0000021efbd7e1b0, (CMBitMap*) 0x0000021efbd7e1f0
 Prev Bits: [0x0000021e96e90000, 0x0000021e9ac00000)
 Next Bits: [0x0000021e9ac00000, 0x0000021e9e970000)

Polling page: 0x0000021ef9c70000

Metaspace:

Usage:
  Non-class:      1.69 MB used.
      Class:    144.72 KB used.
       Both:      1.83 MB used.

Virtual space:
  Non-class space:       64.00 MB reserved,       1.75 MB (  3%) committed,  1 nodes.
      Class space:        1.00 GB reserved,     256.00 KB ( <1%) committed,  1 nodes.
             Both:        1.06 GB reserved,       2.00 MB ( <1%) committed. 

Chunk freelists:
   Non-Class:  3.34 MB
       Class:  3.66 MB
        Both:  7.01 MB

MaxMetaspaceSize: unlimited
CompressedClassSpaceSize: 1.00 GB
Initial GC threshold: 21.00 MB
Current GC threshold: 21.00 MB
CDS: on
MetaspaceReclaimPolicy: balanced
 - commit_granule_bytes: 65536.
 - commit_granule_words: 8192.
 - virtual_space_node_default_size: 8388608.
 - enlarge_chunks_in_place: 1.
 - new_chunks_are_fully_committed: 0.
 - uncommit_free_chunks: 1.
 - use_allocation_guard: 0.


Internal statistics:

num_allocs_failed_limit: 0.
num_arena_births: 62.
num_arena_deaths: 0.
num_vsnodes_births: 2.
num_vsnodes_deaths: 0.
num_space_committed: 32.
num_space_uncommitted: 0.
num_chunks_returned_to_freelist: 0.
num_chunks_taken_from_freelist: 112.
num_chunk_merges: 0.
num_chunk_splits: 63.
num_chunks_enlarged: 41.
num_inconsistent_stats: 0.

CodeHeap 'non-profiled nmethods': size=119168Kb used=122Kb max_used=122Kb free=119045Kb
 bounds [0x0000021e8fa30000, 0x0000021e8fca0000, 0x0000021e96e90000]
CodeHeap 'profiled nmethods': size=119104Kb used=658Kb max_used=658Kb free=118445Kb
 bounds [0x0000021e87e90000, 0x0000021e88100000, 0x0000021e8f2e0000]
CodeHeap 'non-nmethods': size=7488Kb used=1856Kb max_used=1869Kb free=5631Kb
 bounds [0x0000021e8f2e0000, 0x0000021e8f550000, 0x0000021e8fa30000]
 total_blobs=876 nmethods=443 adapters=343
 compilation: enabled
              stopped_count=0, restarted_count=0
 full_count=0

Compilation events (20 events):
Event: 0.267 Thread 0x0000021ea3a16410 nmethod 433 0x0000021e87f2d390 code [0x0000021e87f2d520, 0x0000021e87f2d658]
Event: 0.267 Thread 0x0000021ea3a16410  435       3       java.util.WeakHashMap::getTable (9 bytes)
Event: 0.267 Thread 0x0000021ea3920090 nmethod 434 0x0000021e87f2d710 code [0x0000021e87f2d8c0, 0x0000021e87f2dac8]
Event: 0.267 Thread 0x0000021ea3920090  436   !   3       java.util.WeakHashMap::expungeStaleEntries (139 bytes)
Event: 0.267 Thread 0x0000021ea3a16410 nmethod 435 0x0000021e87f2db90 code [0x0000021e87f2dd40, 0x0000021e87f2de88]
Event: 0.267 Thread 0x0000021ea3a16410  437       3       java.util.WeakHashMap::indexFor (6 bytes)
Event: 0.267 Thread 0x0000021ea3a16410 nmethod 437 0x0000021e87f2df10 code [0x0000021e87f2e0a0, 0x0000021e87f2e198]
Event: 0.267 Thread 0x0000021ea3920090 nmethod 436 0x0000021e87f2e210 code [0x0000021e87f2e420, 0x0000021e87f2ed08]
Event: 0.268 Thread 0x0000021ea3920090  438       3       jdk.internal.jimage.ImageStringsReader::hashCode (33 bytes)
Event: 0.268 Thread 0x0000021ea3920090 nmethod 438 0x0000021e87f2f110 code [0x0000021e87f2f2c0, 0x0000021e87f2f438]
Event: 0.268 Thread 0x0000021ea3a16410  439       3       java.util.Optional::empty (6 bytes)
Event: 0.268 Thread 0x0000021ea3920090  440       3       java.lang.String::concat (15 bytes)
Event: 0.268 Thread 0x0000021ea3a16410 nmethod 439 0x0000021e87f2f510 code [0x0000021e87f2f6a0, 0x0000021e87f2f798]
Event: 0.268 Thread 0x0000021ea3a16410  441       3       java.lang.StringConcatHelper::simpleConcat (94 bytes)
Event: 0.269 Thread 0x0000021ea3a16410 nmethod 441 0x0000021e87f2f810 code [0x0000021e87f2fb40, 0x0000021e87f30e18]
Event: 0.269 Thread 0x0000021ea3a16410  442       3       java.lang.StringConcatHelper::newString (67 bytes)
Event: 0.269 Thread 0x0000021ea3920090 nmethod 440 0x0000021e87f31590 code [0x0000021e87f318e0, 0x0000021e87f32bf8]
Event: 0.269 Thread 0x0000021ea3920090  443       3       java.lang.invoke.LambdaForm$NamedFunction::methodType (23 bytes)
Event: 0.269 Thread 0x0000021ea3920090 nmethod 443 0x0000021e87f33310 code [0x0000021e87f334c0, 0x0000021e87f33728]
Event: 0.270 Thread 0x0000021ea3a16410 nmethod 442 0x0000021e87f33810 code [0x0000021e87f33a80, 0x0000021e87f34498]

GC Heap History (0 events):
No events

Dll operation events (7 events):
Event: 0.007 Loaded shared library C:\Users\Alex\.jdks\openjdk-19.0.1\bin\java.dll
Event: 0.015 Loaded shared library C:\Users\Alex\.jdks\openjdk-19.0.1\bin\jsvml.dll
Event: 0.162 Loaded shared library C:\Users\Alex\.jdks\openjdk-19.0.1\bin\net.dll
Event: 0.163 Loaded shared library C:\Users\Alex\.jdks\openjdk-19.0.1\bin\nio.dll
Event: 0.166 Loaded shared library C:\Users\Alex\.jdks\openjdk-19.0.1\bin\zip.dll
Event: 0.217 Loaded shared library C:\Users\Alex\.jdks\openjdk-19.0.1\bin\jimage.dll
Event: 0.235 Loaded shared library C:\Users\Alex\AppData\Local\Temp\lwjglAlex\3.3.1-build-7\lwjgl.dll

Deoptimization events (4 events):
Event: 0.238 Thread 0x0000021ef9b6dfc0 DEOPT PACKING pc=0x0000021e87eaafea sp=0x000000e504afb180
Event: 0.238 Thread 0x0000021ef9b6dfc0 DEOPT UNPACKING pc=0x0000021e8f347543 sp=0x000000e504afa5a0 mode 0
Event: 0.254 Thread 0x0000021ef9b6dfc0 DEOPT PACKING pc=0x0000021e87e980d5 sp=0x000000e504afd9e0
Event: 0.254 Thread 0x0000021ef9b6dfc0 DEOPT UNPACKING pc=0x0000021e8f347543 sp=0x000000e504afce58 mode 0

Classes loaded (20 events):
Event: 0.239 Loading class java/nio/DirectDoubleBufferU
Event: 0.239 Loading class java/nio/DirectDoubleBufferU done
Event: 0.239 Loading class sun/misc/Unsafe
Event: 0.239 Loading class sun/misc/Unsafe done
Event: 0.239 Loading class java/lang/invoke/DirectMethodHandle$StaticAccessor
Event: 0.240 Loading class java/lang/invoke/DirectMethodHandle$StaticAccessor done
Event: 0.242 Loading class java/util/function/LongPredicate
Event: 0.242 Loading class java/util/function/LongPredicate done
Event: 0.244 Loading class java/lang/foreign/MemorySegment
Event: 0.244 Loading class java/lang/foreign/Addressable
Event: 0.244 Loading class java/lang/foreign/Addressable done
Event: 0.244 Loading class java/lang/foreign/MemorySegment done
Event: 0.248 Loading class java/nio/InvalidMarkException
Event: 0.248 Loading class java/nio/InvalidMarkException done
Event: 0.248 Loading class java/nio/BufferUnderflowException
Event: 0.248 Loading class java/nio/BufferUnderflowException done
Event: 0.265 Loading class java/lang/NoSuchFieldError
Event: 0.265 Loading class java/lang/NoSuchFieldError done
Event: 0.268 Loading class jdk/internal/reflect/MethodHandleIntegerFieldAccessorImpl
Event: 0.269 Loading class jdk/internal/reflect/MethodHandleIntegerFieldAccessorImpl done

Classes unloaded (0 events):
No events

Classes redefined (0 events):
No events

Internal exceptions (18 events):
Event: 0.195 Thread 0x0000021ef9b6dfc0 Exception <a 'java/lang/NoSuchMethodError'{0x00000007197a5708}: 'java.lang.Object java.lang.invoke.DirectMethodHandle$Holder.invokeStaticInit(java.lang.Object)'> (0x00000007197a5708) 
thrown [s\open\src\hotspot\share\interpreter\linkResolver.cpp, line 774]
Event: 0.203 Thread 0x0000021ef9b6dfc0 Exception <a 'java/lang/NoSuchMethodError'{0x00000007197f1500}: 'void java.lang.invoke.DirectMethodHandle$Holder.invokeStatic(java.lang.Object, java.lang.Object)'> (0x00000007197f1500) 
thrown [s\open\src\hotspot\share\interpreter\linkResolver.cpp, line 774]
Event: 0.204 Thread 0x0000021ef9b6dfc0 Exception <a 'java/lang/NoSuchMethodError'{0x00000007197f6ca0}: 'void java.lang.System.load(java.lang.String, java.lang.Class)'> (0x00000007197f6ca0) 
thrown [s\open\src\hotspot\share\interpreter\linkResolver.cpp, line 774]
Event: 0.204 Thread 0x0000021ef9b6dfc0 Exception <a 'java/lang/NoSuchMethodError'{0x00000007197f78c0}: 'void java.lang.invoke.DirectMethodHandle$Holder.invokeSpecial(java.lang.Object, java.lang.Object, java.lang.Object)'> (0x00000007197f78c0) 
thrown [s\open\src\hotspot\share\interpreter\linkResolver.cpp, line 774]
Event: 0.207 Thread 0x0000021ef9b6dfc0 Exception <a 'java/lang/NoSuchMethodError'{0x000000071940adc8}: 'java.lang.Object java.lang.invoke.DirectMethodHandle$Holder.invokeStatic(java.lang.Object, java.lang.Object, int)'> (0x000000071940adc8) 
thrown [s\open\src\hotspot\share\interpreter\linkResolver.cpp, line 774]
Event: 0.208 Thread 0x0000021ef9b6dfc0 Exception <a 'java/lang/NoSuchMethodError'{0x0000000719416b48}: 'void java.lang.invoke.DelegatingMethodHandle$Holder.delegate(java.lang.Object, java.lang.Object, int, java.lang.Object)'> (0x0000000719416b48) 
thrown [s\open\src\hotspot\share\interpreter\linkResolver.cpp, line 774]
Event: 0.208 Thread 0x0000021ef9b6dfc0 Exception <a 'java/lang/NoSuchMethodError'{0x000000071941ada0}: 'int java.lang.invoke.DirectMethodHandle$Holder.invokeSpecial(java.lang.Object, java.lang.Object, java.lang.Object)'> (0x000000071941ada0) 
thrown [s\open\src\hotspot\share\interpreter\linkResolver.cpp, line 774]
Event: 0.212 Thread 0x0000021ef9b6dfc0 Exception <a 'java/lang/NoSuchMethodError'{0x0000000719436b28}: 'void java.lang.System.loadLibrary(java.lang.String, java.lang.Class)'> (0x0000000719436b28) 
thrown [s\open\src\hotspot\share\interpreter\linkResolver.cpp, line 774]
Event: 0.234 Thread 0x0000021ef9b6dfc0 Exception <a 'sun/nio/fs/WindowsException'{0x0000000719480e00}> (0x0000000719480e00) 
thrown [s\open\src\hotspot\share\prims\jni.cpp, line 517]
Event: 0.234 Thread 0x0000021ef9b6dfc0 Exception <a 'sun/nio/fs/WindowsException'{0x0000000719481348}> (0x0000000719481348) 
thrown [s\open\src\hotspot\share\prims\jni.cpp, line 517]
Event: 0.243 Thread 0x0000021ef9b6dfc0 Exception <a 'java/lang/NoSuchMethodError'{0x00000007194b3360}: 'int java.lang.invoke.DirectMethodHandle$Holder.invokeStaticInit(java.lang.Object, java.lang.Object, int, long)'> (0x00000007194b3360) 
thrown [s\open\src\hotspot\share\interpreter\linkResolver.cpp, line 774]
Event: 0.243 Thread 0x0000021ef9b6dfc0 Exception <a 'java/lang/NoSuchMethodError'{0x00000007194b8c70}: 'java.lang.Object java.lang.invoke.DirectMethodHandle$Holder.newInvokeSpecial(java.lang.Object, java.lang.Object, int)'> (0x00000007194b8c70) 
thrown [s\open\src\hotspot\share\interpreter\linkResolver.cpp, line 774]
Event: 0.245 Thread 0x0000021ef9b6dfc0 Exception <a 'java/lang/NoSuchMethodError'{0x00000007194c8310}: 'int java.lang.invoke.DirectMethodHandle$Holder.invokeStaticInit(java.lang.Object, java.lang.Object, long, long)'> (0x00000007194c8310) 
thrown [s\open\src\hotspot\share\interpreter\linkResolver.cpp, line 774]
Event: 0.246 Thread 0x0000021ef9b6dfc0 Exception <a 'java/lang/NoSuchMethodError'{0x00000007194ce460}: 'java.lang.Object java.lang.invoke.DirectMethodHandle$Holder.newInvokeSpecial(java.lang.Object, java.lang.Object, long)'> (0x00000007194ce460) 
thrown [s\open\src\hotspot\share\interpreter\linkResolver.cpp, line 774]
Event: 0.246 Thread 0x0000021ef9b6dfc0 Exception <a 'java/lang/NoSuchMethodError'{0x00000007194d24c0}: 'java.lang.Object java.lang.invoke.Invokers$Holder.linkToTargetMethod(java.lang.Object, long, java.lang.Object)'> (0x00000007194d24c0) 
thrown [s\open\src\hotspot\share\interpreter\linkResolver.cpp, line 774]
Event: 0.247 Thread 0x0000021ef9b6dfc0 Exception <a 'java/lang/NoSuchMethodError'{0x00000007194d9ab0}: 'int java.lang.invoke.DirectMethodHandle$Holder.invokeStaticInit(java.lang.Object, java.lang.Object, java.lang.Object, long)'> (0x00000007194d9ab0) 
thrown [s\open\src\hotspot\share\interpreter\linkResolver.cpp, line 774]
Event: 0.264 Thread 0x0000021ef9b6dfc0 Exception <a 'sun/nio/fs/WindowsException'{0x00000007195846b0}> (0x00000007195846b0) 
thrown [s\open\src\hotspot\share\prims\jni.cpp, line 517]
Event: 0.264 Thread 0x0000021ef9b6dfc0 Exception <a 'sun/nio/fs/WindowsException'{0x0000000719584a10}> (0x0000000719584a10) 
thrown [s\open\src\hotspot\share\prims\jni.cpp, line 517]

VM Operations (6 events):
Event: 0.055 Executing VM operation: ChangeBreakpoints
Event: 0.055 Executing VM operation: ChangeBreakpoints done
Event: 0.166 Executing VM operation: HandshakeAllThreads
Event: 0.166 Executing VM operation: HandshakeAllThreads done
Event: 0.228 Executing VM operation: HandshakeAllThreads
Event: 0.228 Executing VM operation: HandshakeAllThreads done

Events (16 events):
Event: 0.015 Thread 0x0000021ef9b6dfc0 Thread added: 0x0000021ef9b6dfc0
Event: 0.024 Thread 0x0000021e9f6ebd40 Thread added: 0x0000021e9f6ebd40
Event: 0.024 Thread 0x0000021e9f6ec670 Thread added: 0x0000021e9f6ec670
Event: 0.025 Thread 0x0000021e9f6f3290 Thread added: 0x0000021e9f6f3290
Event: 0.025 Thread 0x0000021e9f6f3bc0 Thread added: 0x0000021e9f6f3bc0
Event: 0.025 Thread 0x0000021e9f6f6500 Thread added: 0x0000021e9f6f6500
Event: 0.025 Thread 0x0000021e9f6f6e30 Thread added: 0x0000021e9f6f6e30
Event: 0.025 Thread 0x0000021e9f6fbfa0 Thread added: 0x0000021e9f6fbfa0
Event: 0.025 Thread 0x0000021ea3920090 Thread added: 0x0000021ea3920090
Event: 0.025 Thread 0x0000021e9f712940 Thread added: 0x0000021e9f712940
Event: 0.043 Thread 0x0000021ea3a16410 Thread added: 0x0000021ea3a16410
Event: 0.054 Thread 0x0000021ea3a66170 Thread added: 0x0000021ea3a66170
Event: 0.054 Thread 0x0000021ea3a523c0 Thread added: 0x0000021ea3a523c0
Event: 0.055 Thread 0x0000021ea3a52910 Thread added: 0x0000021ea3a52910
Event: 0.152 Thread 0x0000021ea3a52e60 Thread added: 0x0000021ea3a52e60
Event: 0.154 Thread 0x0000021ea3a76c00 Thread added: 0x0000021ea3a76c00


Dynamic libraries:
0x00007ff7328c0000 - 0x00007ff7328ce000 	C:\Users\Alex\.jdks\openjdk-19.0.1\bin\java.exe
0x00007ff906790000 - 0x00007ff9069a4000 	C:\WINDOWS\SYSTEM32\ntdll.dll
0x00007ff905c40000 - 0x00007ff905d03000 	C:\WINDOWS\System32\KERNEL32.DLL
0x00007ff9040d0000 - 0x00007ff90446d000 	C:\WINDOWS\System32\KERNELBASE.dll
0x00007ff903bb0000 - 0x00007ff903cc1000 	C:\WINDOWS\System32\ucrtbase.dll
0x00007ff8d9f50000 - 0x00007ff8d9f6b000 	C:\Users\Alex\.jdks\openjdk-19.0.1\bin\VCRUNTIME140.dll
0x00007ff8da1a0000 - 0x00007ff8da1b7000 	C:\Users\Alex\.jdks\openjdk-19.0.1\bin\jli.dll
0x00007ff904760000 - 0x00007ff90490d000 	C:\WINDOWS\System32\USER32.dll
0x00007ff903f60000 - 0x00007ff903f86000 	C:\WINDOWS\System32\win32u.dll
0x00007ff8f29a0000 - 0x00007ff8f2c2e000 	C:\WINDOWS\WinSxS\amd64_microsoft.windows.common-controls_6595b64144ccf1df_6.0.22621.608_none_a9444ca7c10bb01d\COMCTL32.dll
0x00007ff904f50000 - 0x00007ff904f79000 	C:\WINDOWS\System32\GDI32.dll
0x00007ff9066a0000 - 0x00007ff906747000 	C:\WINDOWS\System32\msvcrt.dll
0x00007ff903cd0000 - 0x00007ff903de2000 	C:\WINDOWS\System32\gdi32full.dll
0x00007ff9044e0000 - 0x00007ff90457a000 	C:\WINDOWS\System32\msvcp_win.dll
0x00007ff904580000 - 0x00007ff9045b2000 	C:\WINDOWS\System32\IMM32.DLL
0x00007ff8f4240000 - 0x00007ff8f424c000 	C:\Users\Alex\.jdks\openjdk-19.0.1\bin\vcruntime140_1.dll
0x00007ff8a34b0000 - 0x00007ff8a353e000 	C:\Users\Alex\.jdks\openjdk-19.0.1\bin\msvcp140.dll
0x00007ff89c900000 - 0x00007ff89d5c0000 	C:\Users\Alex\.jdks\openjdk-19.0.1\bin\server\jvm.dll
0x00007ff904930000 - 0x00007ff9049de000 	C:\WINDOWS\System32\ADVAPI32.dll
0x00007ff905e00000 - 0x00007ff905ea4000 	C:\WINDOWS\System32\sechost.dll
0x00007ff906560000 - 0x00007ff906675000 	C:\WINDOWS\System32\RPCRT4.dll
0x00007ff8fc100000 - 0x00007ff8fc134000 	C:\WINDOWS\SYSTEM32\WINMM.dll
0x00007ff8ee8d0000 - 0x00007ff8ee8d9000 	C:\WINDOWS\SYSTEM32\WSOCK32.dll
0x00007ff8fc180000 - 0x00007ff8fc18a000 	C:\WINDOWS\SYSTEM32\VERSION.dll
0x00007ff9064e0000 - 0x00007ff906551000 	C:\WINDOWS\System32\WS2_32.dll
0x00007ff902cf0000 - 0x00007ff902d08000 	C:\WINDOWS\SYSTEM32\kernel.appcore.dll
0x00007ff8f1960000 - 0x00007ff8f196a000 	C:\Users\Alex\.jdks\openjdk-19.0.1\bin\jimage.dll
0x00007ff8f7330000 - 0x00007ff8f755e000 	C:\WINDOWS\SYSTEM32\DBGHELP.DLL
0x00007ff906030000 - 0x00007ff9063ba000 	C:\WINDOWS\System32\combase.dll
0x00007ff905d20000 - 0x00007ff905df7000 	C:\WINDOWS\System32\OLEAUT32.dll
0x00007ff8f7070000 - 0x00007ff8f70a2000 	C:\WINDOWS\SYSTEM32\dbgcore.DLL
0x00007ff903f90000 - 0x00007ff90400b000 	C:\WINDOWS\System32\bcryptPrimitives.dll
0x00007ff8eb0c0000 - 0x00007ff8eb0fc000 	C:\Users\Alex\.jdks\openjdk-19.0.1\bin\jdwp.dll
0x00007ff8d9f20000 - 0x00007ff8d9f46000 	C:\Users\Alex\.jdks\openjdk-19.0.1\bin\java.dll
0x00007ff89e680000 - 0x00007ff89e757000 	C:\Users\Alex\.jdks\openjdk-19.0.1\bin\jsvml.dll
0x00007ff905040000 - 0x00007ff90582f000 	C:\WINDOWS\System32\SHELL32.dll
0x00007ff901be0000 - 0x00007ff9024a8000 	C:\WINDOWS\SYSTEM32\windows.storage.dll
0x00007ff901aa0000 - 0x00007ff901bde000 	C:\WINDOWS\SYSTEM32\wintypes.dll
0x00007ff905960000 - 0x00007ff905a51000 	C:\WINDOWS\System32\SHCORE.dll
0x00007ff905900000 - 0x00007ff90595e000 	C:\WINDOWS\System32\shlwapi.dll
0x00007ff903ae0000 - 0x00007ff903b01000 	C:\WINDOWS\SYSTEM32\profapi.dll
0x00007ff8f4ab0000 - 0x00007ff8f4abc000 	C:\Users\Alex\.jdks\openjdk-19.0.1\bin\dt_socket.dll
0x00007ff902770000 - 0x00007ff90279d000 	C:\WINDOWS\SYSTEM32\IPHLPAPI.DLL
0x00007ff903160000 - 0x00007ff9031c9000 	C:\WINDOWS\system32\mswsock.dll
0x00007ff8d6bc0000 - 0x00007ff8d6bd3000 	C:\Users\Alex\.jdks\openjdk-19.0.1\bin\net.dll
0x00007ff8fe370000 - 0x00007ff8fe49f000 	C:\WINDOWS\SYSTEM32\WINHTTP.dll
0x00007ff8d2c20000 - 0x00007ff8d2c36000 	C:\Users\Alex\.jdks\openjdk-19.0.1\bin\nio.dll
0x00007ff8d2a20000 - 0x00007ff8d2a38000 	C:\Users\Alex\.jdks\openjdk-19.0.1\bin\zip.dll
0x00007ff8eb040000 - 0x00007ff8eb0b5000 	C:\Users\Alex\AppData\Local\Temp\lwjglAlex\3.3.1-build-7\lwjgl.dll
0x00007ff8ead90000 - 0x00007ff8eadf1000 	C:\Users\Alex\AppData\Local\Temp\lwjglAlex\3.3.1-build-7\glfw.dll

dbghelp: loaded successfully - version: 4.0.5 - missing functions: none
symbol engine: initialized successfully - sym options: 0x614 - pdb path: .;C:\Users\Alex\.jdks\openjdk-19.0.1\bin;C:\WINDOWS\SYSTEM32;C:\WINDOWS\WinSxS\amd64_microsoft.windows.common-controls_6595b64144ccf1df_6.0.22621.608_none_a9444ca7c10bb01d;C:\Users\Alex\.jdks\openjdk-19.0.1\bin\server;C:\Users\Alex\AppData\Local\Temp\lwjglAlex\3.3.1-build-7

VM Arguments:
jvm_args: -agentlib:jdwp=transport=dt_socket,server=n,suspend=y,address=127.0.0.1:63816 -Dfile.encoding=windows-1252 -Duser.country=CA -Duser.language=en -Duser.variant -ea 
java_command: Main
java_class_path (initial): D:\Platformer\PlatformerAttempt\build\classes\java\main;D:\Platformer\PlatformerAttempt\build\resources\main;C:\Users\Alex\.gradle\caches\modules-2\files-2.1\org.lwjgl\lwjgl-assimp\3.3.1\312072f451794f25670aebb0160ce6ec88aff842\lwjgl-assimp-3.3.1.jar;C:\Users\Alex\.gradle\caches\modules-2\files-2.1\org.lwjgl\lwjgl-assimp\3.3.1\bfa2a0d57acbf952b716d0ad8a3acbd7ad9f5639\lwjgl-assimp-3.3.1-natives-windows.jar;C:\Users\Alex\.gradle\caches\modules-2\files-2.1\org.lwjgl\lwjgl-glfw\3.3.1\cbac1b8d30cb4795149c1ef540f912671a8616d0\lwjgl-glfw-3.3.1.jar;C:\Users\Alex\.gradle\caches\modules-2\files-2.1\org.lwjgl\lwjgl-glfw\3.3.1\ed892f945cf7e79c8756796f32d00fa4ceaf573b\lwjgl-glfw-3.3.1-natives-windows.jar;C:\Users\Alex\.gradle\caches\modules-2\files-2.1\org.lwjgl\lwjgl-nfd\3.3.1\622318116996ddcff449b46cb38f0fdee39b8ac3\lwjgl-nfd-3.3.1.jar;C:\Users\Alex\.gradle\caches\modules-2\files-2.1\org.lwjgl\lwjgl-nfd\3.3.1\869fe532a50455e8b2d924f498bfb95f80b41aed\lwjgl-nfd-3.3.1-natives-windows.jar;C:\Users\Alex\.gradle\caches\modules-2\files-2.1\org.lwjgl\lwjgl-openal\3.3.1\2623a6b8ae1dfcd880738656a9f0243d2e6840bd\lwjgl-openal-3.3.1.jar;C:\Users\Alex\.gradle\caches\modules-2\files-2.1\org.lwjgl\lwjgl-openal\3.3.1\30a474d0e57193d7bc128849a3ab66bc9316fdb1\lwjgl-openal-3.3.1-natives-windows.jar;C:\Users\Alex\.gradle\caches\modules-2\files-2.1\org.lwjgl\lwjgl-opengl\3.3.1\831a5533a21a5f4f81bbc51bb13e9899319b5411\lwjgl-opengl-3.3.1.jar;C:\Users\Alex\.gradle\caches\modules-2\files-2.1\org.lwjgl\lwjgl-opengl\3.3.1\c1807e9bd571402787d7e37e3029776ae2513bb8\lwjgl-opengl-3.3.1-natives-windows.jar;C:\Users\Alex\.gradle\caches\modules-2\files-2.1\org.lwjgl\lwjgl-stb\3.3.1\b119297cf8ed01f247abe8685857f8e7fcf5980f\lwjgl-stb-3.3.1.jar;C:\Users\Alex\.gradle\caches\modules-2\files-2.1\org.lwjgl\lwjgl-stb\3.3.1\86315914ac119efdb02dc9e8e978ade84f1702af\lwjgl-stb-3.3.1-natives-windows.jar;C:\Users\Alex\.gradle\caches\modules-2\files-2.1\org.lwjgl\lwjgl\3.3.1\ae58664f88e18a9bb2c77b063833ca7aaec484cb\lwjgl-3.3.1.jar;C:\Users\Alex\.gradle\caches\modules-2\files-2.1\org.lwjgl\lwjgl\3.3.1\36c37f16ab611b3aa11f3bcf80b1d509b4ce6b\lwjgl-3.3.1-natives-windows.jar;C:\Users\Alex\.gradle\caches\modules-2\files-2.1\org.joml\joml\1.10.5\22566d58af70ad3d72308bab63b8339906deb649\joml-1.10.5.jar
Launcher Type: SUN_STANDARD

[Global flags]
     intx CICompilerCount                          = 12                                        {product} {ergonomic}
     uint ConcGCThreads                            = 3                                         {product} {ergonomic}
     uint G1ConcRefinementThreads                  = 13                                        {product} {ergonomic}
   size_t G1HeapRegionSize                         = 2097152                                   {product} {ergonomic}
    uintx GCDrainStackTargetSize                   = 64                                        {product} {ergonomic}
   size_t InitialHeapSize                          = 257949696                                 {product} {ergonomic}
   size_t MarkStackSize                            = 4194304                                   {product} {ergonomic}
   size_t MaxHeapSize                              = 4123000832                                {product} {ergonomic}
   size_t MaxNewSize                               = 2472542208                                {product} {ergonomic}
   size_t MinHeapDeltaBytes                        = 2097152                                   {product} {ergonomic}
   size_t MinHeapSize                              = 8388608                                   {product} {ergonomic}
    uintx NonNMethodCodeHeapSize                   = 7602480                                {pd product} {ergonomic}
    uintx NonProfiledCodeHeapSize                  = 122027880                              {pd product} {ergonomic}
    uintx ProfiledCodeHeapSize                     = 122027880                              {pd product} {ergonomic}
    uintx ReservedCodeCacheSize                    = 251658240                              {pd product} {ergonomic}
     bool SegmentedCodeCache                       = true                                      {product} {ergonomic}
   size_t SoftMaxHeapSize                          = 4123000832                             {manageable} {ergonomic}
     bool UseCompressedClassPointers               = true                           {product lp64_product} {ergonomic}
     bool UseCompressedOops                        = true                           {product lp64_product} {ergonomic}
     bool UseG1GC                                  = true                                      {product} {ergonomic}
     bool UseLargePagesIndividualAllocation        = false                                  {pd product} {ergonomic}

Logging:
Log output configuration:
 #0: stdout all=warning uptime,level,tags foldmultilines=false
 #1: stderr all=off uptime,level,tags foldmultilines=false

Environment Variables:
PATH=C:\Windows\system32;C:\Windows;C:\Windows\System32\Wbem;C:\Windows\System32\WindowsPowerShell\v1.0\;C:\Windows\System32\OpenSSH\;C:\Program Files (x86)\NVIDIA Corporation\PhysX\Common;C:\Program Files\dotnet\;C:\WINDOWS\system32;C:\WINDOWS;C:\WINDOWS\System32\Wbem;C:\WINDOWS\System32\WindowsPowerShell\v1.0\;C:\WINDOWS\System32\OpenSSH\;C:\Program Files\Microsoft SQL Server\150\Tools\Binn\;C:\Program Files\Microsoft SQL Server\Client SDK\ODBC\170\Tools\Binn\;C:\Program Files\nodejs\;C:\Program Files\Git\cmd;C:\Program Files\Git\mingw64\bin;C:\Program Files\Git\usr\bin;C:\Python\Scripts\;C:\Python\;C:\Users\Alex\AppData\Local\Microsoft\WindowsApps;C:\Users\Alex\AppData\Local\Programs\Microsoft VS Code\bin;C:\Users\Alex\AppData\Roaming\npm;C:\Users\Alex\.dotnet\tools
USERNAME=Alex
OS=Windows_NT
PROCESSOR_IDENTIFIER=AMD64 Family 25 Model 80 Stepping 0, AuthenticAMD
TMP=C:\Users\Alex\AppData\Local\Temp
TEMP=C:\Users\Alex\AppData\Local\Temp



---------------  S Y S T E M  ---------------

OS:
 Windows 11 , 64 bit Build 22621 (10.0.22621.1105)
OS uptime: 0 days 11:45 hours

CPU: total 16 (initial active 16) (16 cores per cpu, 2 threads per core) family 25 model 80 stepping 0 microcode 0x0, cx8, cmov, fxsr, ht, mmx, 3dnowpref, sse, sse2, sse3, ssse3, sse4a, sse4.1, sse4.2, popcnt, lzcnt, tsc, tscinvbit, avx, avx2, aes, erms, clmul, bmi1, bmi2, adx, sha, fma, vzeroupper, clflush, clflushopt, rdtscp, rdpid, fsrm

Memory: 4k page, system-wide physical 15724M (5060M free)
TotalPageFile size 24428M (AvailPageFile size 8154M)
current process WorkingSet (physical memory assigned to process): 42M, peak: 42M
current process commit charge ("private bytes"): 348M, peak: 348M

vm_info: OpenJDK 64-Bit Server VM (19.0.1+10-21) for windows-amd64 JRE (19.0.1+10-21), built on 2022-09-14T12:45:06Z by "mach5one" with MS VC++ 17.1 (VS2022)

END.
